SF:lib/src/features/home/domain/models/config_model.dart
DA:16,1
DA:20,0
DA:21,0
LF:3
LH:1
end_of_record
SF:lib/src/features/home/domain/models/config_model.g.dart
DA:9,0
DA:10,0
DA:11,0
DA:12,0
DA:13,0
DA:14,0
DA:17,0
DA:18,0
DA:19,0
DA:20,0
DA:21,0
DA:22,0
LF:12
LH:0
end_of_record
SF:lib/src/features/home/domain/usecase/usecase_configs.dart
DA:9,1
DA:18,1
DA:21,2
DA:22,1
DA:23,1
DA:26,1
DA:27,1
DA:31,2
DA:32,1
DA:40,1
DA:42,2
DA:43,2
DA:45,1
DA:50,1
DA:51,1
DA:56,2
DA:57,1
DA:62,1
DA:64,2
DA:65,1
DA:66,1
DA:69,1
DA:74,2
LF:23
LH:23
end_of_record
SF:lib/src/features/exams/domain/models/exam_model.dart
DA:16,1
DA:17,1
DA:21,1
DA:25,1
DA:26,1
LF:5
LH:5
end_of_record
SF:lib/src/features/exams/domain/models/exam_model.g.dart
DA:9,1
DA:10,1
DA:11,2
DA:12,1
DA:13,1
DA:14,2
DA:17,1
DA:18,1
DA:19,1
DA:20,1
DA:21,1
DA:22,2
LF:12
LH:12
end_of_record
SF:lib/src/features/exams/domain/usecases/usecase_exams.dart
DA:9,1
DA:11,1
DA:14,2
DA:15,2
DA:17,1
DA:18,1
DA:19,2
DA:22,1
DA:23,2
DA:24,2
DA:26,1
DA:29,1
DA:30,3
DA:35,1
DA:37,2
DA:38,2
DA:40,1
DA:41,1
DA:42,2
DA:45,3
DA:48,1
DA:49,3
DA:54,1
DA:59,3
DA:60,2
DA:62,1
DA:63,1
DA:64,2
DA:69,3
DA:72,1
DA:73,3
LF:31
LH:31
end_of_record
SF:lib/src/features/exams/domain/models/teste_model.dart
DA:21,2
DA:22,2
DA:29,2
DA:33,2
DA:34,2
LF:5
LH:5
end_of_record
SF:lib/src/features/exams/domain/models/teste_model.g.dart
DA:9,2
DA:10,2
DA:11,4
DA:12,2
DA:13,4
DA:14,4
DA:15,4
DA:16,4
DA:17,4
DA:20,1
DA:21,1
DA:22,1
DA:23,1
DA:24,1
DA:25,1
DA:26,1
DA:27,1
DA:28,2
LF:18
LH:18
end_of_record
SF:lib/src/features/exams/domain/usecases/usecase_testes.dart
DA:9,1
DA:11,1
DA:14,2
DA:15,2
DA:17,1
DA:18,3
DA:22,1
DA:23,2
DA:24,2
DA:26,1
DA:29,1
DA:30,3
DA:35,1
DA:37,2
DA:38,2
DA:40,1
DA:41,1
DA:42,2
DA:46,2
DA:47,1
DA:50,1
DA:51,3
DA:56,1
DA:61,3
DA:62,2
DA:64,1
DA:65,1
DA:66,2
DA:70,2
DA:71,1
DA:74,1
DA:75,3
LF:32
LH:32
end_of_record
SF:lib/src/features/exams/domain/models/question_model.dart
DA:20,0
DA:31,1
DA:32,1
LF:3
LH:2
end_of_record
SF:lib/src/features/exams/domain/models/question_model.g.dart
DA:9,1
DA:10,1
DA:11,2
DA:12,1
DA:13,1
DA:14,1
DA:15,3
DA:16,1
DA:17,2
DA:18,2
DA:21,0
DA:22,0
DA:23,0
DA:24,0
DA:25,0
DA:26,0
DA:27,0
DA:28,0
LF:18
LH:10
end_of_record
SF:lib/src/features/exams/domain/models/student_answer_model.dart
DA:21,0
DA:22,0
DA:25,0
DA:26,0
DA:31,1
DA:32,1
LF:6
LH:2
end_of_record
SF:lib/src/features/exams/domain/models/student_answer_model.g.dart
DA:9,1
DA:11,1
DA:12,2
DA:13,2
DA:15,2
DA:16,2
DA:17,2
DA:20,0
DA:22,0
DA:23,0
DA:24,0
DA:25,0
DA:26,0
DA:27,0
LF:14
LH:7
end_of_record
SF:lib/src/features/exams/domain/usecases/usecase_play_teste.dart
DA:12,1
DA:14,1
DA:17,2
DA:18,2
DA:20,1
DA:21,1
DA:22,2
DA:25,1
DA:26,2
DA:27,2
DA:31,1
DA:35,1
DA:36,3
DA:41,1
DA:46,2
DA:47,2
DA:49,1
DA:50,1
DA:51,2
DA:54,1
DA:55,2
DA:56,2
DA:60,1
DA:64,1
DA:65,3
DA:70,1
DA:77,1
DA:83,2
DA:84,2
DA:85,1
DA:88,1
DA:91,3
DA:97,1
DA:99,2
DA:100,2
DA:102,1
DA:103,3
DA:106,2
DA:108,1
DA:111,1
DA:112,3
LF:41
LH:41
end_of_record
SF:lib/src/features/exams/domain/models/answer_model.dart
DA:16,0
DA:25,1
DA:26,1
LF:3
LH:2
end_of_record
SF:lib/src/features/exams/domain/models/answer_model.g.dart
DA:9,1
DA:10,1
DA:11,2
DA:12,1
DA:13,1
DA:14,2
DA:17,0
DA:18,0
DA:19,0
DA:20,0
DA:21,0
DA:22,0
LF:12
LH:6
end_of_record
SF:lib/src/features/notifications/domain/models/notification_model.dart
DA:18,1
DA:19,1
DA:21,1
DA:29,0
DA:30,0
LF:5
LH:3
end_of_record
SF:lib/src/features/notifications/domain/models/notification_model.g.dart
DA:9,0
DA:11,0
DA:12,0
DA:13,0
DA:14,0
DA:15,0
DA:16,0
DA:17,0
DA:20,1
DA:22,1
DA:23,1
DA:24,2
DA:25,1
DA:26,1
DA:27,1
DA:28,1
LF:16
LH:8
end_of_record
SF:lib/src/features/notifications/domain/useases/usecase_notifications.dart
DA:14,1
DA:24,1
DA:25,2
DA:27,1
DA:29,1
DA:30,1
DA:33,2
DA:34,1
DA:36,1
DA:37,1
DA:40,2
DA:48,1
DA:51,2
DA:52,1
DA:54,1
DA:59,1
DA:60,1
DA:64,2
DA:65,1
DA:77,1
DA:80,2
DA:81,1
DA:82,1
DA:85,1
DA:86,1
DA:90,2
DA:91,1
DA:99,1
DA:102,2
DA:103,2
DA:105,1
DA:110,1
DA:111,1
DA:116,2
DA:117,1
DA:125,1
DA:128,2
DA:129,1
DA:131,1
DA:136,1
DA:142,2
DA:151,1
DA:153,2
DA:154,1
DA:156,1
DA:161,1
DA:167,2
DA:176,1
DA:178,2
DA:180,1
DA:185,2
DA:196,1
DA:199,2
DA:200,2
DA:201,1
DA:202,2
DA:205,1
DA:206,1
DA:209,4
DA:220,1
DA:223,2
DA:224,1
DA:225,1
DA:229,1
DA:234,2
DA:235,1
DA:245,1
DA:248,2
DA:249,1
DA:251,1
DA:256,1
DA:257,1
DA:261,2
DA:262,1
DA:272,1
DA:275,2
DA:278,1
DA:283,2
DA:284,1
LF:79
LH:79
end_of_record
SF:lib/src/features/auth/domain/models/student_model.dart
DA:18,1
DA:29,1
DA:30,1
LF:3
LH:3
end_of_record
SF:lib/src/features/auth/domain/models/student_model.g.dart
DA:9,1
DA:10,1
DA:11,2
DA:12,1
DA:13,1
DA:14,1
DA:15,2
DA:16,2
DA:19,1
DA:20,1
DA:21,1
DA:22,1
DA:23,1
DA:24,1
DA:25,1
DA:26,1
LF:16
LH:16
end_of_record
SF:lib/src/features/auth/domain/usecases/usecase_auth.dart
DA:12,1
DA:17,1
DA:19,2
DA:20,2
DA:22,1
DA:23,2
DA:27,2
DA:28,1
DA:30,1
DA:31,1
DA:35,2
DA:38,2
DA:39,2
DA:44,1
DA:49,2
DA:54,2
DA:55,2
DA:58,1
DA:60,2
DA:64,1
DA:66,2
DA:67,2
DA:68,3
DA:70,1
DA:72,2
DA:76,1
DA:79,2
DA:82,2
DA:84,1
DA:85,3
DA:88,3
DA:89,2
DA:90,2
DA:91,1
DA:94,1
DA:96,1
DA:97,1
DA:101,1
DA:104,1
DA:105,2
DA:110,1
DA:117,1
DA:123,2
DA:125,2
DA:127,1
DA:128,3
DA:131,3
DA:132,2
DA:133,2
DA:134,1
DA:137,1
DA:139,1
DA:140,1
DA:144,1
DA:147,1
DA:148,2
DA:153,1
DA:155,2
DA:156,2
DA:159,3
DA:160,1
DA:165,1
DA:166,2
DA:170,2
DA:171,1
LF:65
LH:65
end_of_record
